[ERR!] cwd  : /home/vladb95/projects/js/Angular-battleship
[ERR!] os   : Linux 3.19.0-32-generic
[ERR!] argv : "/usr/bin/nodejs" "/usr/bin/tsd" "init"
[ERR!] node : v5.11.1
[ERR!] tsd  : 0.6.5
[ERR!] Error: cannot overwrite file /home/vladb95/projects/js/Angular-battleship/tsd.json
[ERR!] CODE : undefined
[ERR!] cannot overwrite file /home/vladb95/projects/js/Angular-battleship/tsd.json
[ERR!] If you need help, you may report this error at:
    https://github.com/DefinitelyTyped/tsd/issues

[ERR!] 
VError: cannot overwrite file /home/vladb95/projects/js/Angular-battleship/tsd.json
    at /usr/lib/node_modules/tsd/build/tsd/logic/ConfigIO.js:22:27
    at tryCatch1 (/usr/lib/node_modules/tsd/node_modules/bluebird/js/main/util.js:63:19)
    at Promise$_callHandler [as _callHandler] (/usr/lib/node_modules/tsd/node_modules/bluebird/js/main/promise.js:695:13)
    at Promise$_settlePromiseFromHandler [as _settlePromiseFromHandler] (/usr/lib/node_modules/tsd/node_modules/bluebird/js/main/promise.js:711:18)
    at Promise$_settlePromiseAt [as _settlePromiseAt] (/usr/lib/node_modules/tsd/node_modules/bluebird/js/main/promise.js:868:14)
    at Promise$_settlePromises [as _settlePromises] (/usr/lib/node_modules/tsd/node_modules/bluebird/js/main/promise.js:1006:14)
    at Async$_consumeFunctionBuffer [as _consumeFunctionBuffer] (/usr/lib/node_modules/tsd/node_modules/bluebird/js/main/async.js:74:12)
    at Async$consumeFunctionBuffer (/usr/lib/node_modules/tsd/node_modules/bluebird/js/main/async.js:37:14)
    at _combinedTickCallback (internal/process/next_tick.js:67:7)
    at process._tickCallback (internal/process/next_tick.js:98:9)

[ERR!] tsd.json: {"version":"v4","repo":"borisyankov/DefinitelyTyped","ref":"master","path":"typings","bundle":"typings/tsd.d.ts","installed":{"angular-ui-router/angular-ui-router.d.ts":{"commit":"1be72cdce38fa12471085ac2cf39b0a901321720"},"angularjs/angular.d.ts":{"commit":"1be72cdce38fa12471085ac2cf39b0a901321720"},"jquery/jquery.d.ts":{"commit":"1be72cdce38fa12471085ac2cf39b0a901321720"}}}

[ERR!] .tsdrc could not be retrieved

[ERR!] Please include the following file with any support request:
    /home/vladb95/projects/js/Angular-battleship/tsd-debug.log

